<?xml version="1.0" encoding="UTF-8"?><testrun name="SuiteDeTestes (3)" project="treinoProvaUm" tests="43" started="43" failures="3" errors="0" ignored="0">
  <testsuite name="Refatoracao2_1aParte.SuiteDeTestes" time="0.0">
    <testsuite name="Refatoracao2_1aParte.Contribuinte2aFaixaTest" time="0.0">
      <testcase name="test" classname="Refatoracao2_1aParte.Contribuinte2aFaixaTest" time="0.0">
        <failure>junit.framework.AssertionFailedError: expected:&lt;84.39&gt; but was:&lt;192.18601989746094&gt;
	at junit.framework.Assert.fail(Assert.java:57)
	at junit.framework.Assert.failNotEquals(Assert.java:329)
	at junit.framework.Assert.assertEquals(Assert.java:120)
	at junit.framework.Assert.assertEquals(Assert.java:129)
	at Refatoracao2_1aParte.Contribuinte2aFaixaTest.test(Contribuinte2aFaixaTest.java:23)
	at sun.reflect.NativeMethodAccessorImpl.invoke0(Native Method)
	at sun.reflect.NativeMethodAccessorImpl.invoke(NativeMethodAccessorImpl.java:57)
	at sun.reflect.DelegatingMethodAccessorImpl.invoke(DelegatingMethodAccessorImpl.java:43)
	at java.lang.reflect.Method.invoke(Method.java:606)
	at org.junit.runners.model.FrameworkMethod$1.runReflectiveCall(FrameworkMethod.java:47)
	at org.junit.internal.runners.model.ReflectiveCallable.run(ReflectiveCallable.java:12)
	at org.junit.runners.model.FrameworkMethod.invokeExplosively(FrameworkMethod.java:44)
	at org.junit.internal.runners.statements.InvokeMethod.evaluate(InvokeMethod.java:17)
	at org.junit.internal.runners.statements.RunBefores.evaluate(RunBefores.java:26)
	at org.junit.runners.ParentRunner.runLeaf(ParentRunner.java:271)
	at org.junit.runners.BlockJUnit4ClassRunner.runChild(BlockJUnit4ClassRunner.java:70)
	at org.junit.runners.BlockJUnit4ClassRunner.runChild(BlockJUnit4ClassRunner.java:50)
	at org.junit.runners.ParentRunner$3.run(ParentRunner.java:238)
	at org.junit.runners.ParentRunner$1.schedule(ParentRunner.java:63)
	at org.junit.runners.ParentRunner.runChildren(ParentRunner.java:236)
	at org.junit.runners.ParentRunner.access$000(ParentRunner.java:53)
	at org.junit.runners.ParentRunner$2.evaluate(ParentRunner.java:229)
	at org.junit.runners.ParentRunner.run(ParentRunner.java:309)
	at org.junit.runners.Suite.runChild(Suite.java:127)
	at org.junit.runners.Suite.runChild(Suite.java:26)
	at org.junit.runners.ParentRunner$3.run(ParentRunner.java:238)
	at org.junit.runners.ParentRunner$1.schedule(ParentRunner.java:63)
	at org.junit.runners.ParentRunner.runChildren(ParentRunner.java:236)
	at org.junit.runners.ParentRunner.access$000(ParentRunner.java:53)
	at org.junit.runners.ParentRunner$2.evaluate(ParentRunner.java:229)
	at org.junit.runners.ParentRunner.run(ParentRunner.java:309)
	at org.eclipse.jdt.internal.junit4.runner.JUnit4TestReference.run(JUnit4TestReference.java:50)
	at org.eclipse.jdt.internal.junit.runner.TestExecution.run(TestExecution.java:38)
	at org.eclipse.jdt.internal.junit.runner.RemoteTestRunner.runTests(RemoteTestRunner.java:467)
	at org.eclipse.jdt.internal.junit.runner.RemoteTestRunner.runTests(RemoteTestRunner.java:683)
	at org.eclipse.jdt.internal.junit.runner.RemoteTestRunner.run(RemoteTestRunner.java:390)
	at org.eclipse.jdt.internal.junit.runner.RemoteTestRunner.main(RemoteTestRunner.java:197)

</failure>
      </testcase>
    </testsuite>
    <testsuite name="Refatoracao2_1aParte.Contribuinte3aFaixaTest" time="0.0">
      <testcase name="test" classname="Refatoracao2_1aParte.Contribuinte3aFaixaTest" time="0.0">
        <failure>junit.framework.AssertionFailedError: expected:&lt;84.39&gt; but was:&lt;192.18601989746094&gt;
	at junit.framework.Assert.fail(Assert.java:57)
	at junit.framework.Assert.failNotEquals(Assert.java:329)
	at junit.framework.Assert.assertEquals(Assert.java:120)
	at junit.framework.Assert.assertEquals(Assert.java:129)
	at Refatoracao2_1aParte.Contribuinte3aFaixaTest.test(Contribuinte3aFaixaTest.java:23)
	at sun.reflect.NativeMethodAccessorImpl.invoke0(Native Method)
	at sun.reflect.NativeMethodAccessorImpl.invoke(NativeMethodAccessorImpl.java:57)
	at sun.reflect.DelegatingMethodAccessorImpl.invoke(DelegatingMethodAccessorImpl.java:43)
	at java.lang.reflect.Method.invoke(Method.java:606)
	at org.junit.runners.model.FrameworkMethod$1.runReflectiveCall(FrameworkMethod.java:47)
	at org.junit.internal.runners.model.ReflectiveCallable.run(ReflectiveCallable.java:12)
	at org.junit.runners.model.FrameworkMethod.invokeExplosively(FrameworkMethod.java:44)
	at org.junit.internal.runners.statements.InvokeMethod.evaluate(InvokeMethod.java:17)
	at org.junit.internal.runners.statements.RunBefores.evaluate(RunBefores.java:26)
	at org.junit.runners.ParentRunner.runLeaf(ParentRunner.java:271)
	at org.junit.runners.BlockJUnit4ClassRunner.runChild(BlockJUnit4ClassRunner.java:70)
	at org.junit.runners.BlockJUnit4ClassRunner.runChild(BlockJUnit4ClassRunner.java:50)
	at org.junit.runners.ParentRunner$3.run(ParentRunner.java:238)
	at org.junit.runners.ParentRunner$1.schedule(ParentRunner.java:63)
	at org.junit.runners.ParentRunner.runChildren(ParentRunner.java:236)
	at org.junit.runners.ParentRunner.access$000(ParentRunner.java:53)
	at org.junit.runners.ParentRunner$2.evaluate(ParentRunner.java:229)
	at org.junit.runners.ParentRunner.run(ParentRunner.java:309)
	at org.junit.runners.Suite.runChild(Suite.java:127)
	at org.junit.runners.Suite.runChild(Suite.java:26)
	at org.junit.runners.ParentRunner$3.run(ParentRunner.java:238)
	at org.junit.runners.ParentRunner$1.schedule(ParentRunner.java:63)
	at org.junit.runners.ParentRunner.runChildren(ParentRunner.java:236)
	at org.junit.runners.ParentRunner.access$000(ParentRunner.java:53)
	at org.junit.runners.ParentRunner$2.evaluate(ParentRunner.java:229)
	at org.junit.runners.ParentRunner.run(ParentRunner.java:309)
	at org.eclipse.jdt.internal.junit4.runner.JUnit4TestReference.run(JUnit4TestReference.java:50)
	at org.eclipse.jdt.internal.junit.runner.TestExecution.run(TestExecution.java:38)
	at org.eclipse.jdt.internal.junit.runner.RemoteTestRunner.runTests(RemoteTestRunner.java:467)
	at org.eclipse.jdt.internal.junit.runner.RemoteTestRunner.runTests(RemoteTestRunner.java:683)
	at org.eclipse.jdt.internal.junit.runner.RemoteTestRunner.run(RemoteTestRunner.java:390)
	at org.eclipse.jdt.internal.junit.runner.RemoteTestRunner.main(RemoteTestRunner.java:197)

</failure>
      </testcase>
    </testsuite>
    <testsuite name="Refatoracao2_1aParte.Contribuinte4aFaixaTest" time="0.0">
      <testcase name="test" classname="Refatoracao2_1aParte.Contribuinte4aFaixaTest" time="0.0"/>
    </testsuite>
    <testsuite name="Refatoracao2_1aParte.Contribuinte5aFaixaTest" time="0.0">
      <testcase name="test" classname="Refatoracao2_1aParte.Contribuinte5aFaixaTest" time="0.0"/>
    </testsuite>
    <testsuite name="Refatoracao2_1aParte.ContribuinteIsentoTest" time="0.0">
      <testcase name="test" classname="Refatoracao2_1aParte.ContribuinteIsentoTest" time="0.0">
        <failure>junit.framework.AssertionFailedError: expected:&lt;0.0&gt; but was:&lt;128.2020263671875&gt;
	at junit.framework.Assert.fail(Assert.java:57)
	at junit.framework.Assert.failNotEquals(Assert.java:329)
	at junit.framework.Assert.assertEquals(Assert.java:120)
	at junit.framework.Assert.assertEquals(Assert.java:129)
	at Refatoracao2_1aParte.ContribuinteIsentoTest.test(ContribuinteIsentoTest.java:23)
	at sun.reflect.NativeMethodAccessorImpl.invoke0(Native Method)
	at sun.reflect.NativeMethodAccessorImpl.invoke(NativeMethodAccessorImpl.java:57)
	at sun.reflect.DelegatingMethodAccessorImpl.invoke(DelegatingMethodAccessorImpl.java:43)
	at java.lang.reflect.Method.invoke(Method.java:606)
	at org.junit.runners.model.FrameworkMethod$1.runReflectiveCall(FrameworkMethod.java:47)
	at org.junit.internal.runners.model.ReflectiveCallable.run(ReflectiveCallable.java:12)
	at org.junit.runners.model.FrameworkMethod.invokeExplosively(FrameworkMethod.java:44)
	at org.junit.internal.runners.statements.InvokeMethod.evaluate(InvokeMethod.java:17)
	at org.junit.internal.runners.statements.RunBefores.evaluate(RunBefores.java:26)
	at org.junit.runners.ParentRunner.runLeaf(ParentRunner.java:271)
	at org.junit.runners.BlockJUnit4ClassRunner.runChild(BlockJUnit4ClassRunner.java:70)
	at org.junit.runners.BlockJUnit4ClassRunner.runChild(BlockJUnit4ClassRunner.java:50)
	at org.junit.runners.ParentRunner$3.run(ParentRunner.java:238)
	at org.junit.runners.ParentRunner$1.schedule(ParentRunner.java:63)
	at org.junit.runners.ParentRunner.runChildren(ParentRunner.java:236)
	at org.junit.runners.ParentRunner.access$000(ParentRunner.java:53)
	at org.junit.runners.ParentRunner$2.evaluate(ParentRunner.java:229)
	at org.junit.runners.ParentRunner.run(ParentRunner.java:309)
	at org.junit.runners.Suite.runChild(Suite.java:127)
	at org.junit.runners.Suite.runChild(Suite.java:26)
	at org.junit.runners.ParentRunner$3.run(ParentRunner.java:238)
	at org.junit.runners.ParentRunner$1.schedule(ParentRunner.java:63)
	at org.junit.runners.ParentRunner.runChildren(ParentRunner.java:236)
	at org.junit.runners.ParentRunner.access$000(ParentRunner.java:53)
	at org.junit.runners.ParentRunner$2.evaluate(ParentRunner.java:229)
	at org.junit.runners.ParentRunner.run(ParentRunner.java:309)
	at org.eclipse.jdt.internal.junit4.runner.JUnit4TestReference.run(JUnit4TestReference.java:50)
	at org.eclipse.jdt.internal.junit.runner.TestExecution.run(TestExecution.java:38)
	at org.eclipse.jdt.internal.junit.runner.RemoteTestRunner.runTests(RemoteTestRunner.java:467)
	at org.eclipse.jdt.internal.junit.runner.RemoteTestRunner.runTests(RemoteTestRunner.java:683)
	at org.eclipse.jdt.internal.junit.runner.RemoteTestRunner.run(RemoteTestRunner.java:390)
	at org.eclipse.jdt.internal.junit.runner.RemoteTestRunner.main(RemoteTestRunner.java:197)

</failure>
      </testcase>
    </testsuite>
    <testsuite name="Refatoracao2_1aParte.ContribuinteParametrizado" time="0.0">
      <testcase name="test" classname="Refatoracao2_1aParte.ContribuinteParametrizado" time="0.0"/>
    </testsuite>
    <testsuite name="Refatoracao2_1aParte.ContribuinteTest" incomplete="true">
      <testcase name="testContribuinte" classname="Refatoracao2_1aParte.ContribuinteTest" incomplete="true"/>
      <testcase name="testExcluirDeducao" classname="Refatoracao2_1aParte.ContribuinteTest" incomplete="true"/>
      <testcase name="testAdicionarRendimento" classname="Refatoracao2_1aParte.ContribuinteTest" incomplete="true"/>
      <testcase name="testAdicionarDeducao" classname="Refatoracao2_1aParte.ContribuinteTest" incomplete="true"/>
      <testcase name="testExcluirRendimento" classname="Refatoracao2_1aParte.ContribuinteTest" incomplete="true"/>
    </testsuite>
    <testsuite name="Refatoracao2_1aParte.DeducaoTest" incomplete="true">
      <testcase name="testGetDescricao" classname="Refatoracao2_1aParte.DeducaoTest" incomplete="true"/>
      <testcase name="testGetValor" classname="Refatoracao2_1aParte.DeducaoTest" incomplete="true"/>
      <testcase name="testDeducao" classname="Refatoracao2_1aParte.DeducaoTest" incomplete="true"/>
    </testsuite>
    <testsuite name="Refatoracao2_1aParte.DependenteTest" incomplete="true">
      <testcase name="testGetValor" classname="Refatoracao2_1aParte.DependenteTest" incomplete="true"/>
      <testcase name="testDependente" classname="Refatoracao2_1aParte.DependenteTest" incomplete="true"/>
      <testcase name="testGetNome" classname="Refatoracao2_1aParte.DependenteTest" incomplete="true"/>
      <testcase name="testGetCpf" classname="Refatoracao2_1aParte.DependenteTest" incomplete="true"/>
    </testsuite>
    <testsuite name="Refatoracao2_1aParte.ImpostoTeste" time="0.0">
      <testcase name="testeBaseDeCalculo" classname="Refatoracao2_1aParte.ImpostoTeste" time="0.0"/>
      <testcase name="testeValorRendimentosIsentos" classname="Refatoracao2_1aParte.ImpostoTeste" time="0.0"/>
      <testcase name="testeValorRendimentosTributaveis" classname="Refatoracao2_1aParte.ImpostoTeste" time="0.0"/>
      <testcase name="testeValorDeducoes" classname="Refatoracao2_1aParte.ImpostoTeste" time="0.0"/>
      <testcase name="testeValorRendimentos" classname="Refatoracao2_1aParte.ImpostoTeste" time="0.0"/>
    </testsuite>
    <testsuite name="Refatoracao2_1aParte.RendimentoTest" incomplete="true">
      <testcase name="testGetDescricao" classname="Refatoracao2_1aParte.RendimentoTest" incomplete="true"/>
      <testcase name="testGetValor" classname="Refatoracao2_1aParte.RendimentoTest" incomplete="true"/>
      <testcase name="testIsTributavel" classname="Refatoracao2_1aParte.RendimentoTest" incomplete="true"/>
      <testcase name="testRendimento" classname="Refatoracao2_1aParte.RendimentoTest" incomplete="true"/>
    </testsuite>
    <testsuite name="Refatoracao2_1aParte.TestesElementares" time="0.0">
      <testsuite name="Refatoracao2_1aParte.ContribuinteTest" time="0.0">
        <testcase name="testContribuinte" classname="Refatoracao2_1aParte.ContribuinteTest" time="0.0"/>
        <testcase name="testExcluirDeducao" classname="Refatoracao2_1aParte.ContribuinteTest" time="0.0"/>
        <testcase name="testAdicionarRendimento" classname="Refatoracao2_1aParte.ContribuinteTest" time="0.0"/>
        <testcase name="testAdicionarDeducao" classname="Refatoracao2_1aParte.ContribuinteTest" time="0.0"/>
        <testcase name="testExcluirRendimento" classname="Refatoracao2_1aParte.ContribuinteTest" time="0.0"/>
      </testsuite>
      <testsuite name="Refatoracao2_1aParte.DeducaoTest" time="0.0">
        <testcase name="testGetDescricao" classname="Refatoracao2_1aParte.DeducaoTest" time="0.0"/>
        <testcase name="testGetValor" classname="Refatoracao2_1aParte.DeducaoTest" time="0.0"/>
        <testcase name="testDeducao" classname="Refatoracao2_1aParte.DeducaoTest" time="0.0"/>
      </testsuite>
      <testsuite name="Refatoracao2_1aParte.DependenteTest" time="0.0">
        <testcase name="testGetValor" classname="Refatoracao2_1aParte.DependenteTest" time="0.0"/>
        <testcase name="testDependente" classname="Refatoracao2_1aParte.DependenteTest" time="0.0"/>
        <testcase name="testGetNome" classname="Refatoracao2_1aParte.DependenteTest" time="0.0"/>
        <testcase name="testGetCpf" classname="Refatoracao2_1aParte.DependenteTest" time="0.0"/>
      </testsuite>
      <testsuite name="Refatoracao2_1aParte.RendimentoTest" time="0.0">
        <testcase name="testGetDescricao" classname="Refatoracao2_1aParte.RendimentoTest" time="0.0"/>
        <testcase name="testGetValor" classname="Refatoracao2_1aParte.RendimentoTest" time="0.0"/>
        <testcase name="testIsTributavel" classname="Refatoracao2_1aParte.RendimentoTest" time="0.0"/>
        <testcase name="testRendimento" classname="Refatoracao2_1aParte.RendimentoTest" time="0.0"/>
      </testsuite>
    </testsuite>
  </testsuite>
</testrun>
